2024-07-21 15:35:14,351 - INFO - C:\Users\Hovard\Desktop\parsing-the-dollar-exchange-rate\api\views.py changed, reloading.
2024-07-21 15:35:15,203 - INFO - Watching for file changes with StatReloader
2024-07-21 15:35:17,884 - INFO - C:\Users\Hovard\Desktop\parsing-the-dollar-exchange-rate\api\views.py changed, reloading.
2024-07-21 15:35:18,726 - INFO - Watching for file changes with StatReloader
2024-07-21 15:35:24,524 - INFO - C:\Users\Hovard\Desktop\parsing-the-dollar-exchange-rate\api\views.py changed, reloading.
2024-07-21 15:35:25,301 - INFO - Watching for file changes with StatReloader
2024-07-21 15:35:30,996 - INFO - C:\Users\Hovard\Desktop\parsing-the-dollar-exchange-rate\api\views.py changed, reloading.
2024-07-21 15:35:31,856 - INFO - Watching for file changes with StatReloader
2024-07-21 15:35:34,223 - INFO - C:\Users\Hovard\Desktop\parsing-the-dollar-exchange-rate\api\views.py changed, reloading.
2024-07-21 15:35:35,156 - INFO - Watching for file changes with StatReloader
2024-07-21 15:35:36,684 - INFO - C:\Users\Hovard\Desktop\parsing-the-dollar-exchange-rate\api\views.py changed, reloading.
2024-07-21 15:35:37,653 - INFO - Watching for file changes with StatReloader
2024-07-21 15:35:39,093 - INFO - C:\Users\Hovard\Desktop\parsing-the-dollar-exchange-rate\api\views.py changed, reloading.
2024-07-21 15:35:40,033 - INFO - Watching for file changes with StatReloader
2024-07-21 15:35:41,293 - INFO - C:\Users\Hovard\Desktop\parsing-the-dollar-exchange-rate\api\views.py changed, reloading.
2024-07-21 15:35:42,164 - INFO - Watching for file changes with StatReloader
2024-07-21 15:35:49,088 - INFO - C:\Users\Hovard\Desktop\parsing-the-dollar-exchange-rate\api\views.py changed, reloading.
2024-07-21 15:35:49,935 - INFO - Watching for file changes with StatReloader
2024-07-21 15:35:56,461 - INFO - C:\Users\Hovard\Desktop\parsing-the-dollar-exchange-rate\api\views.py changed, reloading.
2024-07-21 15:35:57,310 - INFO - Watching for file changes with StatReloader
2024-07-21 15:36:10,075 - INFO - C:\Users\Hovard\Desktop\parsing-the-dollar-exchange-rate\api\views.py changed, reloading.
2024-07-21 15:36:10,937 - INFO - Watching for file changes with StatReloader
2024-07-21 15:36:14,580 - INFO - C:\Users\Hovard\Desktop\parsing-the-dollar-exchange-rate\api\views.py changed, reloading.
2024-07-21 15:36:15,406 - INFO - Watching for file changes with StatReloader
2024-07-21 15:36:29,357 - INFO - C:\Users\Hovard\Desktop\parsing-the-dollar-exchange-rate\api\views.py changed, reloading.
2024-07-21 15:36:30,164 - INFO - Watching for file changes with StatReloader
2024-07-21 15:36:33,610 - INFO - C:\Users\Hovard\Desktop\parsing-the-dollar-exchange-rate\api\views.py changed, reloading.
2024-07-21 15:36:34,439 - INFO - Watching for file changes with StatReloader
2024-07-21 15:36:44,294 - INFO - C:\Users\Hovard\Desktop\parsing-the-dollar-exchange-rate\api\views.py changed, reloading.
2024-07-21 15:36:45,171 - INFO - Watching for file changes with StatReloader
2024-07-21 15:36:47,548 - INFO - C:\Users\Hovard\Desktop\parsing-the-dollar-exchange-rate\api\views.py changed, reloading.
2024-07-21 15:36:48,401 - INFO - Watching for file changes with StatReloader
2024-07-21 15:36:51,795 - INFO - C:\Users\Hovard\Desktop\parsing-the-dollar-exchange-rate\api\views.py changed, reloading.
2024-07-21 15:36:52,629 - INFO - Watching for file changes with StatReloader
2024-07-21 15:37:00,355 - INFO - Курс USD обновлен: 87.94.
2024-07-21 15:37:35,276 - INFO - C:\Users\Hovard\Desktop\parsing-the-dollar-exchange-rate\api\views.py changed, reloading.
2024-07-21 15:37:36,174 - INFO - Watching for file changes with StatReloader
2024-07-21 15:37:41,902 - INFO - C:\Users\Hovard\Desktop\parsing-the-dollar-exchange-rate\api\views.py changed, reloading.
2024-07-21 15:37:42,735 - INFO - Watching for file changes with StatReloader
2024-07-21 15:37:55,518 - INFO - C:\Users\Hovard\Desktop\parsing-the-dollar-exchange-rate\api\views.py changed, reloading.
2024-07-21 15:37:56,354 - INFO - Watching for file changes with StatReloader
2024-07-21 15:38:12,562 - INFO - C:\Users\Hovard\Desktop\parsing-the-dollar-exchange-rate\api\views.py changed, reloading.
2024-07-21 15:38:13,545 - INFO - Watching for file changes with StatReloader
2024-07-21 15:38:19,213 - INFO - C:\Users\Hovard\Desktop\parsing-the-dollar-exchange-rate\api\views.py changed, reloading.
2024-07-21 15:38:20,254 - INFO - Watching for file changes with StatReloader
2024-07-21 15:38:23,711 - INFO - C:\Users\Hovard\Desktop\parsing-the-dollar-exchange-rate\api\views.py changed, reloading.
2024-07-21 15:38:24,567 - INFO - Watching for file changes with StatReloader
2024-07-21 15:38:26,042 - INFO - C:\Users\Hovard\Desktop\parsing-the-dollar-exchange-rate\api\views.py changed, reloading.
2024-07-21 15:38:26,864 - INFO - Watching for file changes with StatReloader
2024-07-21 15:38:32,574 - INFO - C:\Users\Hovard\Desktop\parsing-the-dollar-exchange-rate\api\views.py changed, reloading.
2024-07-21 15:38:33,430 - INFO - Watching for file changes with StatReloader
2024-07-21 15:38:34,908 - INFO - C:\Users\Hovard\Desktop\parsing-the-dollar-exchange-rate\api\views.py changed, reloading.
2024-07-21 15:38:35,769 - INFO - Watching for file changes with StatReloader
2024-07-21 15:38:37,248 - INFO - C:\Users\Hovard\Desktop\parsing-the-dollar-exchange-rate\api\views.py changed, reloading.
2024-07-21 15:38:38,208 - INFO - Watching for file changes with StatReloader
2024-07-21 15:38:39,685 - INFO - C:\Users\Hovard\Desktop\parsing-the-dollar-exchange-rate\api\views.py changed, reloading.
2024-07-21 15:38:40,543 - INFO - Watching for file changes with StatReloader
2024-07-21 15:38:45,977 - INFO - C:\Users\Hovard\Desktop\parsing-the-dollar-exchange-rate\api\views.py changed, reloading.
2024-07-21 15:38:46,827 - INFO - Watching for file changes with StatReloader
2024-07-21 15:39:36,471 - INFO - C:\Users\Hovard\Desktop\parsing-the-dollar-exchange-rate\api\views.py changed, reloading.
2024-07-21 15:39:37,354 - INFO - Watching for file changes with StatReloader
2024-07-21 15:39:53,215 - INFO - C:\Users\Hovard\Desktop\parsing-the-dollar-exchange-rate\api\views.py changed, reloading.
2024-07-21 15:39:54,031 - INFO - Watching for file changes with StatReloader
2024-07-21 15:41:22,292 - INFO - C:\Users\Hovard\Desktop\parsing-the-dollar-exchange-rate\api\views.py changed, reloading.
2024-07-21 15:41:23,179 - INFO - Watching for file changes with StatReloader
2024-07-21 15:42:17,881 - INFO - C:\Users\Hovard\Desktop\parsing-the-dollar-exchange-rate\api\views.py changed, reloading.
2024-07-21 15:42:18,922 - INFO - Watching for file changes with StatReloader
2024-07-21 15:43:39,332 - INFO - C:\Users\Hovard\Desktop\parsing-the-dollar-exchange-rate\api\views.py changed, reloading.
2024-07-21 15:43:40,262 - INFO - Watching for file changes with StatReloader
2024-07-21 15:43:45,177 - ERROR - Internal Server Error: /get_current_usd/
Traceback (most recent call last):
  File "C:\Users\Hovard\Desktop\parsing-the-dollar-exchange-rate\venv\Lib\site-packages\django\core\handlers\exception.py", line 55, in inner
    response = get_response(request)
               ^^^^^^^^^^^^^^^^^^^^^
  File "C:\Users\Hovard\Desktop\parsing-the-dollar-exchange-rate\venv\Lib\site-packages\django\core\handlers\base.py", line 197, in _get_response
    response = wrapped_callback(request, *callback_args, **callback_kwargs)
               ^^^^^^^^^^^^^^^^^^^^^^^^^^^^^^^^^^^^^^^^^^^^^^^^^^^^^^^^^^^^
  File "C:\Users\Hovard\Desktop\parsing-the-dollar-exchange-rate\api\views.py", line 40, in get_current_usd
    for entry in response_data['history']
                 ~~~~~~~~~~~~~^^^^^^^^^^^
KeyError: 'history'
2024-07-21 15:44:04,081 - INFO - C:\Users\Hovard\Desktop\parsing-the-dollar-exchange-rate\api\views.py changed, reloading.
2024-07-21 15:44:04,985 - INFO - Watching for file changes with StatReloader
2024-07-21 15:44:06,998 - INFO - Курс USD обновлен: 87.94.
2024-07-21 15:48:19,357 - INFO - Курс USD обновлен: 87.94.
2024-07-21 15:49:07,128 - INFO - Курс USD обновлен: 87.94.
